<?xml version="1.0" encoding="UTF-8"?>
<!-- Generated by org.testng.reporters.JUnitReportReporter -->
<testsuite hostname="PC234863" name="example.NewTest" tests="3" failures="0" timestamp="1 Sep 2016 10:05:52 GMT" time="0.000" errors="0">
  <testcase name="review" time="0.000" classname="example.NewTest"/>
  <testcase name="validate" time="0.000" classname="example.NewTest"/>
  <testcase name="verify" time="0.000" classname="example.NewTest"/>
</testsuite> <!-- example.NewTest -->
