<?xml version="1.0" encoding="UTF-8"?>
<!-- Generated by org.testng.reporters.JUnitReportReporter -->
<testsuite hostname="PC234863" name="example.NewTest2" tests="1" failures="0" timestamp="1 Sep 2016 10:05:52 GMT" time="5.633" errors="0">
  <testcase name="actualtitle" time="5.633" classname="example.NewTest2"/>
</testsuite> <!-- example.NewTest2 -->
